Started GET "/" for ::1 at 2021-05-24 17:57:48 -0700
Started GET "/" for ::1 at 2021-05-24 17:57:48 -0700
  [1m[35m (5.3ms)[0m  [1m[34mSELECT sqlite_version(*)[0m
Processing by Rails::WelcomeController#index as HTML
Processing by Rails::WelcomeController#index as HTML
  Rendering /Users/doracobian/.rvm/gems/ruby-2.7.2/gems/railties-6.1.3.2/lib/rails/templates/rails/welcome/index.html.erb
  Rendering /Users/doracobian/.rvm/gems/ruby-2.7.2/gems/railties-6.1.3.2/lib/rails/templates/rails/welcome/index.html.erb
  Rendered /Users/doracobian/.rvm/gems/ruby-2.7.2/gems/railties-6.1.3.2/lib/rails/templates/rails/welcome/index.html.erb (Duration: 18.1ms | Allocations: 448)
  Rendered /Users/doracobian/.rvm/gems/ruby-2.7.2/gems/railties-6.1.3.2/lib/rails/templates/rails/welcome/index.html.erb (Duration: 18.1ms | Allocations: 491)
Completed 200 OK in 251ms (Views: 54.6ms | ActiveRecord: 0.0ms | Allocations: 4144)


Completed 200 OK in 142ms (Views: 54.1ms | ActiveRecord: 0.0ms | Allocations: 3947)


Started GET "/" for ::1 at 2021-05-24 18:13:01 -0700
  [1m[35m (0.9ms)[0m  [1m[34mSELECT sqlite_version(*)[0m
Processing by Rails::WelcomeController#index as HTML
  Rendering /Users/doracobian/.rvm/gems/ruby-2.7.2/gems/railties-6.1.3.2/lib/rails/templates/rails/welcome/index.html.erb
  Rendered /Users/doracobian/.rvm/gems/ruby-2.7.2/gems/railties-6.1.3.2/lib/rails/templates/rails/welcome/index.html.erb (Duration: 32.2ms | Allocations: 333)
Completed 200 OK in 60ms (Views: 37.4ms | ActiveRecord: 0.0ms | Allocations: 2443)


Started GET "/" for ::1 at 2021-05-24 18:13:05 -0700
Processing by Rails::WelcomeController#index as HTML
  Rendering /Users/doracobian/.rvm/gems/ruby-2.7.2/gems/railties-6.1.3.2/lib/rails/templates/rails/welcome/index.html.erb
  Rendered /Users/doracobian/.rvm/gems/ruby-2.7.2/gems/railties-6.1.3.2/lib/rails/templates/rails/welcome/index.html.erb (Duration: 25.5ms | Allocations: 215)
Completed 200 OK in 29ms (Views: 27.3ms | ActiveRecord: 0.0ms | Allocations: 827)


Started GET "/" for ::1 at 2021-05-24 19:08:03 -0700
  [1m[35m (9.9ms)[0m  [1m[34mSELECT sqlite_version(*)[0m
Processing by Rails::WelcomeController#index as HTML
  Rendering /Users/doracobian/.rvm/gems/ruby-2.7.2/gems/railties-6.1.3.2/lib/rails/templates/rails/welcome/index.html.erb
  Rendered /Users/doracobian/.rvm/gems/ruby-2.7.2/gems/railties-6.1.3.2/lib/rails/templates/rails/welcome/index.html.erb (Duration: 30.7ms | Allocations: 333)
Completed 200 OK in 69ms (Views: 37.2ms | ActiveRecord: 0.0ms | Allocations: 2443)


Started GET "/" for ::1 at 2021-05-24 19:08:05 -0700
Processing by Rails::WelcomeController#index as HTML
  Rendering /Users/doracobian/.rvm/gems/ruby-2.7.2/gems/railties-6.1.3.2/lib/rails/templates/rails/welcome/index.html.erb
  Rendered /Users/doracobian/.rvm/gems/ruby-2.7.2/gems/railties-6.1.3.2/lib/rails/templates/rails/welcome/index.html.erb (Duration: 29.5ms | Allocations: 215)
Completed 200 OK in 33ms (Views: 31.1ms | ActiveRecord: 0.0ms | Allocations: 827)


  [1m[35m (0.9ms)[0m  [1m[34mSELECT sqlite_version(*)[0m
  [1m[35m (1.6ms)[0m  [1m[35mCREATE TABLE "schema_migrations" ("version" varchar NOT NULL PRIMARY KEY)[0m
  [1m[35m (1.4ms)[0m  [1m[35mCREATE TABLE "ar_internal_metadata" ("key" varchar NOT NULL PRIMARY KEY, "value" varchar, "created_at" datetime(6) NOT NULL, "updated_at" datetime(6) NOT NULL)[0m
  [1m[35m (0.2ms)[0m  [1m[34mSELECT "schema_migrations"."version" FROM "schema_migrations" ORDER BY "schema_migrations"."version" ASC[0m
Migrating to CreateUsers (20210525020842)
  [1m[36mTRANSACTION (0.1ms)[0m  [1m[36mbegin transaction[0m
  [1m[35m (0.5ms)[0m  [1m[35mCREATE TABLE "users" ("id" integer PRIMARY KEY AUTOINCREMENT NOT NULL, "name" varchar, "created_at" datetime(6) NOT NULL, "updated_at" datetime(6) NOT NULL)[0m
  [1m[36mActiveRecord::SchemaMigration Create (0.2ms)[0m  [1m[32mINSERT INTO "schema_migrations" ("version") VALUES (?)[0m  [["version", "20210525020842"]]
  [1m[36mTRANSACTION (1.2ms)[0m  [1m[36mcommit transaction[0m
  [1m[36mActiveRecord::InternalMetadata Load (0.2ms)[0m  [1m[34mSELECT "ar_internal_metadata".* FROM "ar_internal_metadata" WHERE "ar_internal_metadata"."key" = ? LIMIT ?[0m  [["key", "environment"], ["LIMIT", 1]]
  [1m[36mTRANSACTION (0.1ms)[0m  [1m[36mbegin transaction[0m
  [1m[36mActiveRecord::InternalMetadata Create (0.4ms)[0m  [1m[32mINSERT INTO "ar_internal_metadata" ("key", "value", "created_at", "updated_at") VALUES (?, ?, ?, ?)[0m  [["key", "environment"], ["value", "development"], ["created_at", "2021-05-25 02:09:01.462086"], ["updated_at", "2021-05-25 02:09:01.462086"]]
  [1m[36mTRANSACTION (1.2ms)[0m  [1m[36mcommit transaction[0m
  [1m[35m (0.1ms)[0m  [1m[34mSELECT sqlite_version(*)[0m
  [1m[35m (0.1ms)[0m  [1m[34mSELECT "schema_migrations"."version" FROM "schema_migrations" ORDER BY "schema_migrations"."version" ASC[0m
  [1m[35m (1.2ms)[0m  [1m[34mSELECT sqlite_version(*)[0m
  [1m[35m (0.4ms)[0m  [1m[34mSELECT "schema_migrations"."version" FROM "schema_migrations" ORDER BY "schema_migrations"."version" ASC[0m
Migrating to CreateArticles (20210525021054)
  [1m[36mTRANSACTION (0.1ms)[0m  [1m[36mbegin transaction[0m
  [1m[35m (0.5ms)[0m  [1m[35mCREATE TABLE "articles" ("id" integer PRIMARY KEY AUTOINCREMENT NOT NULL, "title" text, "text" text, "user_id" integer NOT NULL, "created_at" datetime(6) NOT NULL, "updated_at" datetime(6) NOT NULL, CONSTRAINT "fk_rails_3d31dad1cc"
FOREIGN KEY ("user_id")
  REFERENCES "users" ("id")
)[0m
  [1m[35m (0.1ms)[0m  [1m[35mCREATE INDEX "index_articles_on_user_id" ON "articles" ("user_id")[0m
  [1m[36mActiveRecord::SchemaMigration Create (0.5ms)[0m  [1m[32mINSERT INTO "schema_migrations" ("version") VALUES (?)[0m  [["version", "20210525021054"]]
  [1m[36mTRANSACTION (1.2ms)[0m  [1m[36mcommit transaction[0m
  [1m[36mActiveRecord::InternalMetadata Load (0.5ms)[0m  [1m[34mSELECT "ar_internal_metadata".* FROM "ar_internal_metadata" WHERE "ar_internal_metadata"."key" = ? LIMIT ?[0m  [["key", "environment"], ["LIMIT", 1]]
  [1m[35m (0.1ms)[0m  [1m[34mSELECT sqlite_version(*)[0m
  [1m[35m (0.1ms)[0m  [1m[34mSELECT "schema_migrations"."version" FROM "schema_migrations" ORDER BY "schema_migrations"."version" ASC[0m
